<?xml version="1.0" encoding="UTF-8"?>
<!-- Generated by org.testng.reporters.JUnitXMLReporter -->
<testsuite ignored="0" hostname="DESKTOP-KKGP20U" failures="0" tests="2" name="Test1" time="60.702" errors="0" timestamp="2024-11-02T17:31:51 PKT">
  <testcase classname="rahulshettyacademy.selenimframework.standonleduplicate" name="submitorder" time="10.812"/>
  <testcase classname="rahulshettyacademy.selenimframework.standonleduplicate" name="submitorder" time="25.417">
    <skipped/>
  </testcase> <!-- submitorder -->
</testsuite> <!-- Test1 -->
